#
# There is insufficient memory for the Java Runtime Environment to continue.
# Native memory allocation (malloc) failed to allocate 913056 bytes for Chunk::new
# Possible reasons:
#   The system is out of physical RAM or swap space
#   In 32 bit mode, the process size limit was hit
# Possible solutions:
#   Reduce memory load on the system
#   Increase physical memory or swap space
#   Check if swap backing store is full
#   Use 64 bit Java on a 64 bit OS
#   Decrease Java heap size (-Xmx/-Xms)
#   Decrease number of Java threads
#   Decrease Java thread stack sizes (-Xss)
#   Set larger code cache with -XX:ReservedCodeCacheSize=
# This output file may be truncated or incomplete.
#
#  Out of Memory Error (allocation.cpp:390), pid=11700, tid=0x0000000000002eb0
#
# JRE version: OpenJDK Runtime Environment (8.0_152-b02) (build 1.8.0_152-release-1024-b02)
# Java VM: OpenJDK 64-Bit Server VM (25.152-b02 mixed mode windows-amd64 compressed oops)
# Failed to write core dump. Minidumps are not enabled by default on client versions of Windows
#

---------------  T H R E A D  ---------------

Current thread (0x0000000016292000):  JavaThread "C2 CompilerThread1" daemon [_thread_in_native, id=11952, stack(0x00000000179f0000,0x0000000017af0000)]

Stack: [0x00000000179f0000,0x0000000017af0000]
[error occurred during error reporting (printing stack bounds), id 0xc0000005]

Native frames: (J=compiled Java code, j=interpreted, Vv=VM code, C=native code)


Current CompileTask:
C2:  15611 1477   !   4       java.net.URLClassLoader$1::run (63 bytes)


---------------  P R O C E S S  ---------------

Java Threads: ( => current thread )
  0x00000000190eb000 JavaThread "Cache worker for file hash cache (C:\Users\jeric\AndroidStudioProjects\Acupoints\.gradle\4.4\fileHashes)" [_thread_blocked, id=11940, stack(0x000000001ae40000,0x000000001af40000)]
  0x0000000018b57800 JavaThread "File lock request listener" [_thread_in_native, id=11852, stack(0x000000001ad40000,0x000000001ae40000)]
  0x0000000018532800 JavaThread "Cache worker for file hash cache (C:\Users\jeric\.gradle\caches\4.4\fileHashes)" [_thread_blocked, id=6068, stack(0x000000001ac40000,0x000000001ad40000)]
  0x0000000018674800 JavaThread "Stdin handler" [_thread_blocked, id=7632, stack(0x000000001a940000,0x000000001aa40000)]
  0x0000000018673800 JavaThread "Asynchronous log dispatcher for DefaultDaemonConnection: socket connection from /127.0.0.1:4611 to /127.0.0.1:4612" [_thread_blocked, id=3356, stack(0x000000001a840000,0x000000001a940000)]
  0x0000000018613800 JavaThread "Daemon worker" [_thread_in_vm_trans, id=1008, stack(0x000000001a740000,0x000000001a840000)]
  0x0000000018613000 JavaThread "Cancel handler" [_thread_blocked, id=4984, stack(0x000000001a640000,0x000000001a740000)]
  0x0000000018687000 JavaThread "Handler for socket connection from /127.0.0.1:4611 to /127.0.0.1:4612" [_thread_in_native, id=6508, stack(0x000000001a340000,0x000000001a440000)]
  0x0000000017cf1800 JavaThread "Daemon" [_thread_blocked, id=2684, stack(0x000000001a240000,0x000000001a340000)]
  0x00000000162cf800 JavaThread "Daemon periodic checks" [_thread_blocked, id=11800, stack(0x000000001a140000,0x000000001a240000)]
  0x0000000017c13000 JavaThread "Incoming local TCP Connector on port 4611" [_thread_in_native, id=11540, stack(0x0000000019f00000,0x000000001a000000)]
  0x00000000162ee800 JavaThread "Service Thread" daemon [_thread_blocked, id=9864, stack(0x0000000017ff0000,0x00000000180f0000)]
  0x00000000162eb800 JavaThread "C1 CompilerThread2" daemon [_thread_blocked, id=12212, stack(0x0000000017af0000,0x0000000017bf0000)]
=>0x0000000016292000 JavaThread "C2 CompilerThread1" daemon [_thread_in_native, id=11952, stack(0x00000000179f0000,0x0000000017af0000)]
  0x000000001628d000 JavaThread "C2 CompilerThread0" daemon [_thread_in_native, id=6896, stack(0x00000000178f0000,0x00000000179f0000)]
  0x000000001628a800 JavaThread "Attach Listener" daemon [_thread_blocked, id=11404, stack(0x00000000177f0000,0x00000000178f0000)]
  0x0000000016289800 JavaThread "Signal Dispatcher" daemon [_thread_blocked, id=1532, stack(0x00000000176f0000,0x00000000177f0000)]
  0x0000000016278800 JavaThread "Finalizer" daemon [_thread_blocked, id=12100, stack(0x0000000017500000,0x0000000017600000)]
  0x0000000002911000 JavaThread "Reference Handler" daemon [_thread_blocked, id=12164, stack(0x0000000017400000,0x0000000017500000)]
  0x000000000281d800 JavaThread "main" [_thread_blocked, id=312, stack(0x0000000002690000,0x0000000002790000)]

Other Threads:
  0x0000000016254800 VMThread [stack: 0x0000000017300000,0x0000000017400000] [id=11600]
  0x0000000017bf1800 WatcherThread [stack: 0x00000000180f0000,0x00000000181f0000] [id=11340]

VM state:not at safepoint (normal execution)

VM Mutex/Monitor currently owned by a thread: None

Heap:
 PSYoungGen      total 37888K, used 14763K [0x00000000e0000000, 0x00000000e4a00000, 0x0000000100000000)
  eden space 32768K, 29% used [0x00000000e0000000,0x00000000e0972de8,0x00000000e2000000)
  from space 5120K, 99% used [0x00000000e2000000,0x00000000e24f81e8,0x00000000e2500000)
  to   space 5120K, 0% used [0x00000000e4500000,0x00000000e4500000,0x00000000e4a00000)
 ParOldGen       total 86016K, used 2195K [0x00000000a0000000, 0x00000000a5400000, 0x00000000e0000000)
  object space 86016K, 2% used [0x00000000a0000000,0x00000000a0224f08,0x00000000a5400000)
 Metaspace       used 15320K, capacity 15638K, committed 15872K, reserved 1062912K
  class space    used 2163K, capacity 2283K, committed 2304K, reserved 1048576K

Card table byte_map: [0x0000000011ce0000,0x0000000011ff0000] byte_map_base: 0x00000000117e0000

Marking Bits: (ParMarkBitMap*) 0x000000005a664970
 Begin Bits: [0x00000000125f0000, 0x0000000013df0000)
 End Bits:   [0x0000000013df0000, 0x00000000155f0000)

Polling page: 0x0000000000880000

CodeCache: size=245760Kb used=4954Kb max_used=4954Kb free=240805Kb
 bounds [0x0000000002920000, 0x0000000002e00000, 0x0000000011920000]
 total_blobs=1830 nmethods=1457 adapters=286
 compilation: enabled

Compilation events (10 events):
Event: 15.470 Thread 0x00000000162eb800 1486       1       sun.misc.ProxyGenerator::access$800 (5 bytes)
Event: 15.471 Thread 0x00000000162eb800 nmethod 1486 0x0000000002df7650 code [0x0000000002df77a0, 0x0000000002df7890]
Event: 15.472 Thread 0x00000000162eb800 1487       3       java.lang.AbstractStringBuilder::append (62 bytes)
Event: 15.473 Thread 0x00000000162eb800 nmethod 1487 0x0000000002df7910 code [0x0000000002df7b00, 0x0000000002df8438]
Event: 15.473 Thread 0x00000000162eb800 1488       3       java.lang.Class::arrayContentsEq (70 bytes)
Event: 15.474 Thread 0x00000000162eb800 nmethod 1488 0x0000000002df8950 code [0x0000000002df8ae0, 0x0000000002df8f10]
Event: 15.474 Thread 0x00000000162eb800 1489       3       sun.misc.ProxyGenerator::access$700 (7 bytes)
Event: 15.475 Thread 0x00000000162eb800 nmethod 1489 0x0000000002df9090 code [0x0000000002df9200, 0x0000000002df93e8]
Event: 15.489 Thread 0x00000000162eb800 1490       3       java.util.ArrayList::isEmpty (13 bytes)
Event: 15.489 Thread 0x00000000162eb800 nmethod 1490 0x0000000002df9510 code [0x0000000002df9660, 0x0000000002df9810]

GC Heap History (6 events):
Event: 4.498 GC heap before
{Heap before GC invocations=1 (full 0):
 PSYoungGen      total 37888K, used 32768K [0x00000000e0000000, 0x00000000e2a00000, 0x0000000100000000)
  eden space 32768K, 100% used [0x00000000e0000000,0x00000000e2000000,0x00000000e2000000)
  from space 5120K, 0% used [0x00000000e2500000,0x00000000e2500000,0x00000000e2a00000)
  to   space 5120K, 0% used [0x00000000e2000000,0x00000000e2000000,0x00000000e2500000)
 ParOldGen       total 86016K, used 0K [0x00000000a0000000, 0x00000000a5400000, 0x00000000e0000000)
  object space 86016K, 0% used [0x00000000a0000000,0x00000000a0000000,0x00000000a5400000)
 Metaspace       used 6580K, capacity 6766K, committed 7040K, reserved 1056768K
  class space    used 804K, capacity 875K, committed 896K, reserved 1048576K
Event: 4.509 GC heap after
Heap after GC invocations=1 (full 0):
 PSYoungGen      total 37888K, used 4086K [0x00000000e0000000, 0x00000000e2a00000, 0x0000000100000000)
  eden space 32768K, 0% used [0x00000000e0000000,0x00000000e0000000,0x00000000e2000000)
  from space 5120K, 79% used [0x00000000e2000000,0x00000000e23fdaf0,0x00000000e2500000)
  to   space 5120K, 0% used [0x00000000e2500000,0x00000000e2500000,0x00000000e2a00000)
 ParOldGen       total 86016K, used 8K [0x00000000a0000000, 0x00000000a5400000, 0x00000000e0000000)
  object space 86016K, 0% used [0x00000000a0000000,0x00000000a0002000,0x00000000a5400000)
 Metaspace       used 6580K, capacity 6766K, committed 7040K, reserved 1056768K
  class space    used 804K, capacity 875K, committed 896K, reserved 1048576K
}
Event: 11.829 GC heap before
{Heap before GC invocations=2 (full 0):
 PSYoungGen      total 37888K, used 36854K [0x00000000e0000000, 0x00000000e2a00000, 0x0000000100000000)
  eden space 32768K, 100% used [0x00000000e0000000,0x00000000e2000000,0x00000000e2000000)
  from space 5120K, 79% used [0x00000000e2000000,0x00000000e23fdaf0,0x00000000e2500000)
  to   space 5120K, 0% used [0x00000000e2500000,0x00000000e2500000,0x00000000e2a00000)
 ParOldGen       total 86016K, used 8K [0x00000000a0000000, 0x00000000a5400000, 0x00000000e0000000)
  object space 86016K, 0% used [0x00000000a0000000,0x00000000a0002000,0x00000000a5400000)
 Metaspace       used 11169K, capacity 11418K, committed 11648K, reserved 1058816K
  class space    used 1483K, capacity 1591K, committed 1664K, reserved 1048576K
Event: 11.984 GC heap after
Heap after GC invocations=2 (full 0):
 PSYoungGen      total 37888K, used 5117K [0x00000000e0000000, 0x00000000e4a00000, 0x0000000100000000)
  eden space 32768K, 0% used [0x00000000e0000000,0x00000000e0000000,0x00000000e2000000)
  from space 5120K, 99% used [0x00000000e2500000,0x00000000e29ff590,0x00000000e2a00000)
  to   space 5120K, 0% used [0x00000000e2000000,0x00000000e2000000,0x00000000e2500000)
 ParOldGen       total 86016K, used 269K [0x00000000a0000000, 0x00000000a5400000, 0x00000000e0000000)
  object space 86016K, 0% used [0x00000000a0000000,0x00000000a0043470,0x00000000a5400000)
 Metaspace       used 11169K, capacity 11418K, committed 11648K, reserved 1058816K
  class space    used 1483K, capacity 1591K, committed 1664K, reserved 1048576K
}
Event: 14.626 GC heap before
{Heap before GC invocations=3 (full 0):
 PSYoungGen      total 37888K, used 37885K [0x00000000e0000000, 0x00000000e4a00000, 0x0000000100000000)
  eden space 32768K, 100% used [0x00000000e0000000,0x00000000e2000000,0x00000000e2000000)
  from space 5120K, 99% used [0x00000000e2500000,0x00000000e29ff590,0x00000000e2a00000)
  to   space 5120K, 0% used [0x00000000e2000000,0x00000000e2000000,0x00000000e2500000)
 ParOldGen       total 86016K, used 269K [0x00000000a0000000, 0x00000000a5400000, 0x00000000e0000000)
  object space 86016K, 0% used [0x00000000a0000000,0x00000000a0043470,0x00000000a5400000)
 Metaspace       used 14350K, capacity 14646K, committed 14720K, reserved 1062912K
  class space    used 2001K, capacity 2123K, committed 2176K, reserved 1048576K
Event: 14.657 GC heap after
Heap after GC invocations=3 (full 0):
 PSYoungGen      total 37888K, used 5088K [0x00000000e0000000, 0x00000000e4a00000, 0x0000000100000000)
  eden space 32768K, 0% used [0x00000000e0000000,0x00000000e0000000,0x00000000e2000000)
  from space 5120K, 99% used [0x00000000e2000000,0x00000000e24f81e8,0x00000000e2500000)
  to   space 5120K, 0% used [0x00000000e4500000,0x00000000e4500000,0x00000000e4a00000)
 ParOldGen       total 86016K, used 2195K [0x00000000a0000000, 0x00000000a5400000, 0x00000000e0000000)
  object space 86016K, 2% used [0x00000000a0000000,0x00000000a0224f08,0x00000000a5400000)
 Metaspace       used 14350K, capacity 14646K, committed 14720K, reserved 1062912K
  class space    used 2001K, capacity 2123K, committed 2176K, reserved 1048576K
}

Deoptimization events (10 events):
Event: 6.616 Thread 0x000000000281d800 Uncommon trap: reason=bimorphic action=maybe_recompile pc=0x0000000002c40a0c method=java.util.HashMap.putVal(ILjava/lang/Object;Ljava/lang/Object;ZZ)Ljava/lang/Object; @ 203
Event: 7.701 Thread 0x000000000281d800 Uncommon trap: reason=unstable_if action=reinterpret pc=0x0000000002bc66dc method=java.io.WinNTFileSystem.normalize(Ljava/lang/String;)Ljava/lang/String; @ 128
Event: 7.701 Thread 0x000000000281d800 Uncommon trap: reason=unstable_if action=reinterpret pc=0x0000000002c2de10 method=java.io.WinNTFileSystem.normalize(Ljava/lang/String;II)Ljava/lang/String; @ 90
Event: 12.203 Thread 0x0000000018687000 Uncommon trap: reason=unstable_if action=reinterpret pc=0x0000000002cafed4 method=java.util.concurrent.ConcurrentHashMap.putVal(Ljava/lang/Object;Ljava/lang/Object;Z)Ljava/lang/Object; @ 206
Event: 12.918 Thread 0x0000000018613800 Uncommon trap: reason=bimorphic action=maybe_recompile pc=0x0000000002c3fbe8 method=java.util.HashMap.putVal(ILjava/lang/Object;Ljava/lang/Object;ZZ)Ljava/lang/Object; @ 253
Event: 12.918 Thread 0x0000000018613800 Uncommon trap: reason=bimorphic action=maybe_recompile pc=0x0000000002c3fbe8 method=java.util.HashMap.putVal(ILjava/lang/Object;Ljava/lang/Object;ZZ)Ljava/lang/Object; @ 253
Event: 12.974 Thread 0x0000000018613800 Uncommon trap: reason=class_check action=maybe_recompile pc=0x0000000002bbadd8 method=java.util.regex.Matcher.match(II)Z @ 86
Event: 14.328 Thread 0x0000000018613800 Uncommon trap: reason=class_check action=maybe_recompile pc=0x0000000002bbadd8 method=java.util.regex.Matcher.match(II)Z @ 86
Event: 14.328 Thread 0x0000000018613800 Uncommon trap: reason=class_check action=maybe_recompile pc=0x0000000002b83e1c method=java.util.regex.Matcher.match(II)Z @ 86
Event: 14.831 Thread 0x0000000018613800 Uncommon trap: reason=unstable_if action=reinterpret pc=0x0000000002d8c074 method=java.lang.String.lastIndexOf([CII[CIII)I @ 66

Classes redefined (0 events):
No events

Internal exceptions (10 events):
Event: 12.375 Thread 0x0000000018687000 Exception <a 'java/lang/NoSuchMethodError': <clinit>> (0x00000000e018dbd8) thrown at [D:\src\AOSP-openjdk-cygwin\jdk8u\hotspot\src\share\vm\prims\jni.cpp, line 1613]
Event: 12.377 Thread 0x0000000018687000 Exception <a 'java/lang/NoSuchMethodError': <clinit>> (0x00000000e01966a0) thrown at [D:\src\AOSP-openjdk-cygwin\jdk8u\hotspot\src\share\vm\prims\jni.cpp, line 1613]
Event: 12.381 Thread 0x0000000018687000 Exception <a 'java/lang/NoSuchMethodError': <clinit>> (0x00000000e01a7d20) thrown at [D:\src\AOSP-openjdk-cygwin\jdk8u\hotspot\src\share\vm\prims\jni.cpp, line 1613]
Event: 12.519 Thread 0x0000000018687000 Exception <a 'java/lang/NoSuchMethodError': <clinit>> (0x00000000e020ce90) thrown at [D:\src\AOSP-openjdk-cygwin\jdk8u\hotspot\src\share\vm\prims\jni.cpp, line 1613]
Event: 12.529 Thread 0x0000000018687000 Exception <a 'java/lang/NoSuchMethodError': <clinit>> (0x00000000e0230550) thrown at [D:\src\AOSP-openjdk-cygwin\jdk8u\hotspot\src\share\vm\prims\jni.cpp, line 1613]
Event: 12.543 Thread 0x0000000018687000 Exception <a 'java/lang/NoSuchMethodError': <clinit>> (0x00000000e0259e18) thrown at [D:\src\AOSP-openjdk-cygwin\jdk8u\hotspot\src\share\vm\prims\jni.cpp, line 1613]
Event: 12.553 Thread 0x0000000018687000 Exception <a 'java/lang/NoSuchMethodError': <clinit>> (0x00000000e02679a8) thrown at [D:\src\AOSP-openjdk-cygwin\jdk8u\hotspot\src\share\vm\prims\jni.cpp, line 1613]
Event: 12.574 Thread 0x0000000018687000 Exception <a 'java/lang/NoSuchMethodError': <clinit>> (0x00000000e028b018) thrown at [D:\src\AOSP-openjdk-cygwin\jdk8u\hotspot\src\share\vm\prims\jni.cpp, line 1613]
Event: 12.744 Thread 0x0000000018613800 Exception <a 'java/lang/NoSuchMethodError': <clinit>> (0x00000000e03c8cd8) thrown at [D:\src\AOSP-openjdk-cygwin\jdk8u\hotspot\src\share\vm\prims\jni.cpp, line 1613]
Event: 12.747 Thread 0x0000000018613800 Exception <a 'java/lang/NoSuchMethodError': <clinit>> (0x00000000e03d0f60) thrown at [D:\src\AOSP-openjdk-cygwin\jdk8u\hotspot\src\share\vm\prims\jni.cpp, line 1613]

Events (10 events):
Event: 15.488 loading class org/gradle/internal/reflect/MethodSignature
Event: 15.488 loading class org/gradle/internal/reflect/MethodSignature done
Event: 15.489 loading class javax/inject/Inject
Event: 15.489 loading class javax/inject/Inject done
Event: 15.490 loading class java/util/TreeMap$Values
Event: 15.491 loading class java/util/TreeMap$Values done
Event: 15.491 loading class java/util/TreeMap$ValueIterator
Event: 15.491 loading class java/util/TreeMap$ValueIterator done
Event: 15.492 loading class groovy/lang/Closure
Event: 15.492 loading class groovy/lang/Closure done


Dynamic libraries:
0x00007ff67a210000 - 0x00007ff67a241000 	C:\Program Files\Android\Android Studio\jre\bin\java.exe
0x00007ffda8570000 - 0x00007ffda8751000 	C:\WINDOWS\SYSTEM32\ntdll.dll
0x00007ffda79e0000 - 0x00007ffda7a92000 	C:\WINDOWS\System32\KERNEL32.DLL
0x00007ffda4940000 - 0x00007ffda4bb3000 	C:\WINDOWS\System32\KERNELBASE.dll
0x00007ffda7eb0000 - 0x00007ffda7f51000 	C:\WINDOWS\System32\ADVAPI32.dll
0x00007ffda76e0000 - 0x00007ffda777e000 	C:\WINDOWS\System32\msvcrt.dll
0x00007ffda7e20000 - 0x00007ffda7e7b000 	C:\WINDOWS\System32\sechost.dll
0x00007ffda7aa0000 - 0x00007ffda7bc4000 	C:\WINDOWS\System32\RPCRT4.dll
0x00007ffda7f60000 - 0x00007ffda80f0000 	C:\WINDOWS\System32\USER32.dll
0x00007ffda4f10000 - 0x00007ffda4f30000 	C:\WINDOWS\System32\win32u.dll
0x00007ffda7820000 - 0x00007ffda7848000 	C:\WINDOWS\System32\GDI32.dll
0x00007ffda4d70000 - 0x00007ffda4f02000 	C:\WINDOWS\System32\gdi32full.dll
0x00007ffda4f30000 - 0x00007ffda4fcf000 	C:\WINDOWS\System32\msvcp_win.dll
0x00007ffda4c70000 - 0x00007ffda4d6a000 	C:\WINDOWS\System32\ucrtbase.dll
0x00007ffd97e80000 - 0x00007ffd980e9000 	C:\WINDOWS\WinSxS\amd64_microsoft.windows.common-controls_6595b64144ccf1df_6.0.17134.345_none_fb429a5930656358\COMCTL32.dll
0x00007ffda73b0000 - 0x00007ffda76d3000 	C:\WINDOWS\System32\combase.dll
0x00007ffda4fd0000 - 0x00007ffda504a000 	C:\WINDOWS\System32\bcryptPrimitives.dll
0x00007ffda7e80000 - 0x00007ffda7ead000 	C:\WINDOWS\System32\IMM32.DLL
0x0000000059730000 - 0x0000000059802000 	C:\Program Files\Android\Android Studio\jre\jre\bin\msvcr100.dll
0x0000000059ea0000 - 0x000000005a6df000 	C:\Program Files\Android\Android Studio\jre\jre\bin\server\jvm.dll
0x00007ffda7e10000 - 0x00007ffda7e18000 	C:\WINDOWS\System32\PSAPI.DLL
0x00007ffd93e40000 - 0x00007ffd93e49000 	C:\WINDOWS\SYSTEM32\WSOCK32.dll
0x00007ffda5c00000 - 0x00007ffda5c6c000 	C:\WINDOWS\System32\WS2_32.dll
0x00007ffda22b0000 - 0x00007ffda22d3000 	C:\WINDOWS\SYSTEM32\WINMM.dll
0x00007ffd9c0f0000 - 0x00007ffd9c0fa000 	C:\WINDOWS\SYSTEM32\VERSION.dll
0x00007ffda2280000 - 0x00007ffda22aa000 	C:\WINDOWS\SYSTEM32\WINMMBASE.dll
0x00007ffda4bc0000 - 0x00007ffda4c09000 	C:\WINDOWS\System32\cfgmgr32.dll
0x00007ffda1060000 - 0x00007ffda106f000 	C:\Program Files\Android\Android Studio\jre\jre\bin\verify.dll
0x00007ffd98850000 - 0x00007ffd98879000 	C:\Program Files\Android\Android Studio\jre\jre\bin\java.dll
0x00007ffd9bd20000 - 0x00007ffd9bd36000 	C:\Program Files\Android\Android Studio\jre\jre\bin\zip.dll
0x00007ffda5f70000 - 0x00007ffda73af000 	C:\WINDOWS\System32\SHELL32.dll
0x00007ffda7930000 - 0x00007ffda79d9000 	C:\WINDOWS\System32\shcore.dll
0x00007ffda5240000 - 0x00007ffda594d000 	C:\WINDOWS\System32\windows.storage.dll
0x00007ffda7db0000 - 0x00007ffda7e01000 	C:\WINDOWS\System32\shlwapi.dll
0x00007ffda48a0000 - 0x00007ffda48b1000 	C:\WINDOWS\System32\kernel.appcore.dll
0x00007ffda4880000 - 0x00007ffda489f000 	C:\WINDOWS\System32\profapi.dll
0x00007ffda48d0000 - 0x00007ffda491c000 	C:\WINDOWS\System32\powrprof.dll
0x00007ffda48c0000 - 0x00007ffda48ca000 	C:\WINDOWS\System32\FLTLIB.DLL
0x00007ffd98830000 - 0x00007ffd9884a000 	C:\Program Files\Android\Android Studio\jre\jre\bin\net.dll
0x00007ffda40a0000 - 0x00007ffda4106000 	C:\WINDOWS\system32\mswsock.dll
0x00007ffd98810000 - 0x00007ffd98821000 	C:\Program Files\Android\Android Studio\jre\jre\bin\nio.dll
0x00007ffd97250000 - 0x00007ffd9726e000 	C:\Users\jeric\.gradle\native\25\windows-amd64\native-platform.dll
0x00007ffd98800000 - 0x00007ffd9880d000 	C:\Program Files\Android\Android Studio\jre\jre\bin\management.dll
0x00007ffda4250000 - 0x00007ffda4267000 	C:\WINDOWS\SYSTEM32\CRYPTSP.dll
0x00007ffda3c80000 - 0x00007ffda3cb3000 	C:\WINDOWS\system32\rsaenh.dll
0x00007ffda4380000 - 0x00007ffda43a5000 	C:\WINDOWS\SYSTEM32\bcrypt.dll
0x00007ffda4780000 - 0x00007ffda47a8000 	C:\WINDOWS\SYSTEM32\USERENV.dll
0x00007ffda4270000 - 0x00007ffda427b000 	C:\WINDOWS\SYSTEM32\CRYPTBASE.dll
0x00007ffda3e20000 - 0x00007ffda3e58000 	C:\WINDOWS\SYSTEM32\IPHLPAPI.DLL
0x00007ffda5c70000 - 0x00007ffda5c78000 	C:\WINDOWS\System32\NSI.dll
0x00007ffd9c0d0000 - 0x00007ffd9c0e6000 	C:\WINDOWS\SYSTEM32\dhcpcsvc6.DLL
0x00007ffd9ca60000 - 0x00007ffd9ca7a000 	C:\WINDOWS\SYSTEM32\dhcpcsvc.DLL

VM Arguments:
jvm_args: -Xmx1536m -Dfile.encoding=windows-1252 -Duser.country=US -Duser.language=en -Duser.variant 
java_command: org.gradle.launcher.daemon.bootstrap.GradleDaemon 4.4
java_class_path (initial): C:\Users\jeric\.gradle\wrapper\dists\gradle-4.4-all\9br9xq1tocpiv8o6njlyu5op1\gradle-4.4\lib\gradle-launcher-4.4.jar
Launcher Type: SUN_STANDARD

Environment Variables:
JAVA_HOME=C:\Program Files\Java\jdk1.8.0_171
PATH=C:\Program Files (x86)\Common Files\Oracle\Java\javapath;C:\Program Files (x86)\Common Files\Intel\Shared Libraries\redist\intel64\compiler;C:\Windows\system32;C:\Windows;C:\Windows\System32\Wbem;C:\Windows\System32\WindowsPowerShell\v1.0\;C:\Program Files (x86)\NVIDIA Corporation\PhysX\Common;C:\WINDOWS\system32\config\systemprofile\.dnx\bin;C:\Program Files\Microsoft DNX\Dnvm\;C:\Program Files\Microsoft SQL Server\120\Tools\Binn\;C:\WINDOWS\system32;C:\WINDOWS;C:\WINDOWS\System32\Wbem;C:\WINDOWS\System32\WindowsPowerShell\v1.0\;C:\WINDOWS\System32\OpenSSH\;C:\Program Files\Git\cmd;C:\xampp\php;C:\ProgramData\ComposerSetup\bin;C:\Program Files\Java\jdk1.8.0_171\bin
USERNAME=jeric
OS=Windows_NT
PROCESSOR_IDENTIFIER=Intel64 Family 6 Model 58 Stepping 9, GenuineIntel



---------------  S Y S T E M  ---------------

OS: Windows 10.0 , 64 bit Build 17134 (10.0.17134.1)

CPU:total 4 (initial active 4) (2 cores per cpu, 2 threads per core) family 6 model 58 stepping 9, cmov, cx8, fxsr, mmx, sse, sse2, sse3, ssse3, sse4.1, sse4.2, popcnt, avx, clmul, erms, ht, tsc, tscinvbit, tscinv

Memory: 4k page, physical 8205864k(999036k free), swap 10156584k(5248k free)

vm_info: OpenJDK 64-Bit Server VM (25.152-b02) for windows-amd64 JRE (1.8.0_152-release-1024-b02), built by "builder" with MS VC++ 10.0 (VS2010)

time: Mon Nov 05 20:05:16 2018
elapsed time: 15 seconds (0d 0h 0m 15s)

