#
# There is insufficient memory for the Java Runtime Environment to continue.
# Native memory allocation (malloc) failed to allocate 32744 bytes for ChunkPool::allocate
# Possible reasons:
#   The system is out of physical RAM or swap space
#   In 32 bit mode, the process size limit was hit
# Possible solutions:
#   Reduce memory load on the system
#   Increase physical memory or swap space
#   Check if swap backing store is full
#   Use 64 bit Java on a 64 bit OS
#   Decrease Java heap size (-Xmx/-Xms)
#   Decrease number of Java threads
#   Decrease Java thread stack sizes (-Xss)
#   Set larger code cache with -XX:ReservedCodeCacheSize=
# This output file may be truncated or incomplete.
#
#  Out of Memory Error (allocation.cpp:273), pid=8468, tid=0x000000000000039c
#
# JRE version: OpenJDK Runtime Environment (8.0_152-b02) (build 1.8.0_152-release-1024-b02)
# Java VM: OpenJDK 64-Bit Server VM (25.152-b02 mixed mode windows-amd64 compressed oops)
# Failed to write core dump. Minidumps are not enabled by default on client versions of Windows
#

---------------  T H R E A D  ---------------

Current thread (0x00000000162a3800):  JavaThread "C2 CompilerThread1" daemon [_thread_in_native, id=924, stack(0x00000000179f0000,0x0000000017af0000)]

Stack: [0x00000000179f0000,0x0000000017af0000]
[error occurred during error reporting (printing stack bounds), id 0xc0000005]

Native frames: (J=compiled Java code, j=interpreted, Vv=VM code, C=native code)


Current CompileTask:
C2:  12232 1796       4       java.net.URLClassLoader$1::run (5 bytes)


---------------  P R O C E S S  ---------------

Java Threads: ( => current thread )
  0x000000001b154000 JavaThread "Cache worker for file hash cache (C:\Users\jeric\AndroidStudioProjects\Acupoints\.gradle\4.4\fileHashes)" [_thread_blocked, id=11952, stack(0x000000001be10000,0x000000001bf10000)]
  0x0000000017d43800 JavaThread "File lock request listener" [_thread_in_native, id=5104, stack(0x000000001ad40000,0x000000001ae40000)]
  0x0000000019046800 JavaThread "Cache worker for file hash cache (C:\Users\jeric\.gradle\caches\4.4\fileHashes)" [_thread_blocked, id=11700, stack(0x000000001ac40000,0x000000001ad40000)]
  0x0000000018870800 JavaThread "Stdin handler" [_thread_blocked, id=6152, stack(0x000000001a940000,0x000000001aa40000)]
  0x000000001887d000 JavaThread "Asynchronous log dispatcher for DefaultDaemonConnection: socket connection from /127.0.0.1:4642 to /127.0.0.1:4643" [_thread_in_vm, id=6512, stack(0x000000001a840000,0x000000001a940000)]
  0x0000000018503800 JavaThread "Daemon worker" [_thread_in_vm, id=11472, stack(0x000000001a740000,0x000000001a840000)]
  0x0000000018e5b000 JavaThread "Cancel handler" [_thread_blocked, id=3556, stack(0x000000001a640000,0x000000001a740000)]
  0x000000001911d800 JavaThread "Handler for socket connection from /127.0.0.1:4642 to /127.0.0.1:4643" [_thread_in_native, id=6188, stack(0x000000001a340000,0x000000001a440000)]
  0x000000001911a800 JavaThread "Daemon" [_thread_blocked, id=6772, stack(0x000000001a240000,0x000000001a340000)]
  0x00000000185b8000 JavaThread "Daemon periodic checks" [_thread_blocked, id=11452, stack(0x000000001a140000,0x000000001a240000)]
  0x00000000192d4000 JavaThread "Incoming local TCP Connector on port 4642" [_thread_in_native, id=4584, stack(0x0000000019f00000,0x000000001a000000)]
  0x0000000017c20800 JavaThread "Service Thread" daemon [_thread_blocked, id=5376, stack(0x0000000017ff0000,0x00000000180f0000)]
  0x00000000162a7000 JavaThread "C1 CompilerThread2" daemon [_thread_in_vm, id=6612, stack(0x0000000017af0000,0x0000000017bf0000)]
=>0x00000000162a3800 JavaThread "C2 CompilerThread1" daemon [_thread_in_native, id=924, stack(0x00000000179f0000,0x0000000017af0000)]
  0x000000001629c800 JavaThread "C2 CompilerThread0" daemon [_thread_in_native, id=7836, stack(0x00000000178f0000,0x00000000179f0000)]
  0x000000001629a000 JavaThread "Attach Listener" daemon [_thread_blocked, id=7796, stack(0x00000000177f0000,0x00000000178f0000)]
  0x0000000016298800 JavaThread "Signal Dispatcher" daemon [_thread_blocked, id=12140, stack(0x00000000176f0000,0x00000000177f0000)]
  0x0000000016288800 JavaThread "Finalizer" daemon [_thread_blocked, id=12092, stack(0x00000000174f0000,0x00000000175f0000)]
  0x0000000002921800 JavaThread "Reference Handler" daemon [_thread_blocked, id=11172, stack(0x00000000173f0000,0x00000000174f0000)]
  0x0000000000e2e000 JavaThread "main" [_thread_blocked, id=11196, stack(0x0000000002700000,0x0000000002800000)]

Other Threads:
  0x0000000016264800 VMThread [stack: 0x00000000172f0000,0x00000000173f0000] [id=9552]
  0x00000000162fe000 WatcherThread [stack: 0x00000000180f0000,0x00000000181f0000] [id=11752]

VM state:not at safepoint (normal execution)

VM Mutex/Monitor currently owned by a thread: None

Heap:
 PSYoungGen      total 70656K, used 14137K [0x00000000e0000000, 0x00000000e9400000, 0x0000000100000000)
  eden space 65536K, 21% used [0x00000000e0000000,0x00000000e0dce500,0x00000000e4000000)
  from space 5120K, 0% used [0x00000000e4000000,0x00000000e4000000,0x00000000e4500000)
  to   space 10240K, 0% used [0x00000000e8a00000,0x00000000e8a00000,0x00000000e9400000)
 ParOldGen       total 55296K, used 8058K [0x00000000a0000000, 0x00000000a3600000, 0x00000000e0000000)
  object space 55296K, 14% used [0x00000000a0000000,0x00000000a07debf8,0x00000000a3600000)
 Metaspace       used 22280K, capacity 22652K, committed 22912K, reserved 1069056K
  class space    used 3016K, capacity 3149K, committed 3200K, reserved 1048576K

Card table byte_map: [0x0000000011cf0000,0x0000000012000000] byte_map_base: 0x00000000117f0000

Marking Bits: (ParMarkBitMap*) 0x000000005a664970
 Begin Bits: [0x0000000012600000, 0x0000000013e00000)
 End Bits:   [0x0000000013e00000, 0x0000000015600000)

Polling page: 0x0000000000e10000

CodeCache: size=245760Kb used=7473Kb max_used=7473Kb free=238286Kb
 bounds [0x0000000002930000, 0x0000000003090000, 0x0000000011930000]
 total_blobs=2487 nmethods=1861 adapters=539
 compilation: enabled

Compilation events (10 events):
Event: 11.667 Thread 0x00000000162a7000 1891       3       java.lang.CharacterDataLatin1::isOtherUppercase (18 bytes)
Event: 11.668 Thread 0x00000000162a7000 nmethod 1891 0x000000000307f2d0 code [0x000000000307f440, 0x000000000307f690]
Event: 11.669 Thread 0x00000000162a7000 1892       1       groovy.lang.MetaBeanProperty::getGetter (5 bytes)
Event: 11.669 Thread 0x00000000162a7000 nmethod 1892 0x000000000307f7d0 code [0x000000000307f920, 0x000000000307fa30]
Event: 11.669 Thread 0x00000000162a7000 1893       1       groovy.lang.MetaBeanProperty::getField (5 bytes)
Event: 11.670 Thread 0x00000000162a7000 nmethod 1893 0x000000000307fa90 code [0x000000000307fbe0, 0x000000000307fcf0]
Event: 11.670 Thread 0x00000000162a7000 1894       3       org.codehaus.groovy.reflection.CachedField::getModifiers (8 bytes)
Event: 11.670 Thread 0x00000000162a7000 nmethod 1894 0x000000000307fd50 code [0x000000000307fea0, 0x0000000003080090]
Event: 11.670 Thread 0x00000000162a7000 1895       3       org.codehaus.groovy.util.ComplexKeyHashMap$1::next (5 bytes)
Event: 11.670 Thread 0x00000000162a7000 nmethod 1895 0x0000000003080150 code [0x00000000030802c0, 0x0000000003080468]

GC Heap History (10 events):
Event: 6.892 GC heap before
{Heap before GC invocations=2 (full 0):
 PSYoungGen      total 37888K, used 36878K [0x00000000e0000000, 0x00000000e2a00000, 0x0000000100000000)
  eden space 32768K, 100% used [0x00000000e0000000,0x00000000e2000000,0x00000000e2000000)
  from space 5120K, 80% used [0x00000000e2000000,0x00000000e2403a80,0x00000000e2500000)
  to   space 5120K, 0% used [0x00000000e2500000,0x00000000e2500000,0x00000000e2a00000)
 ParOldGen       total 86016K, used 8K [0x00000000a0000000, 0x00000000a5400000, 0x00000000e0000000)
  object space 86016K, 0% used [0x00000000a0000000,0x00000000a0002000,0x00000000a5400000)
 Metaspace       used 10930K, capacity 11176K, committed 11392K, reserved 1058816K
  class space    used 1446K, capacity 1550K, committed 1664K, reserved 1048576K
Event: 6.991 GC heap after
Heap after GC invocations=2 (full 0):
 PSYoungGen      total 37888K, used 5103K [0x00000000e0000000, 0x00000000e4a00000, 0x0000000100000000)
  eden space 32768K, 0% used [0x00000000e0000000,0x00000000e0000000,0x00000000e2000000)
  from space 5120K, 99% used [0x00000000e2500000,0x00000000e29fbf20,0x00000000e2a00000)
  to   space 5120K, 0% used [0x00000000e2000000,0x00000000e2000000,0x00000000e2500000)
 ParOldGen       total 86016K, used 217K [0x00000000a0000000, 0x00000000a5400000, 0x00000000e0000000)
  object space 86016K, 0% used [0x00000000a0000000,0x00000000a00366b0,0x00000000a5400000)
 Metaspace       used 10930K, capacity 11176K, committed 11392K, reserved 1058816K
  class space    used 1446K, capacity 1550K, committed 1664K, reserved 1048576K
}
Event: 8.168 GC heap before
{Heap before GC invocations=3 (full 0):
 PSYoungGen      total 37888K, used 37871K [0x00000000e0000000, 0x00000000e4a00000, 0x0000000100000000)
  eden space 32768K, 100% used [0x00000000e0000000,0x00000000e2000000,0x00000000e2000000)
  from space 5120K, 99% used [0x00000000e2500000,0x00000000e29fbf20,0x00000000e2a00000)
  to   space 5120K, 0% used [0x00000000e2000000,0x00000000e2000000,0x00000000e2500000)
 ParOldGen       total 86016K, used 217K [0x00000000a0000000, 0x00000000a5400000, 0x00000000e0000000)
  object space 86016K, 0% used [0x00000000a0000000,0x00000000a00366b0,0x00000000a5400000)
 Metaspace       used 14249K, capacity 14540K, committed 14720K, reserved 1062912K
  class space    used 1983K, capacity 2116K, committed 2176K, reserved 1048576K
Event: 8.183 GC heap after
Heap after GC invocations=3 (full 0):
 PSYoungGen      total 37888K, used 5088K [0x00000000e0000000, 0x00000000e4a00000, 0x0000000100000000)
  eden space 32768K, 0% used [0x00000000e0000000,0x00000000e0000000,0x00000000e2000000)
  from space 5120K, 99% used [0x00000000e2000000,0x00000000e24f81e8,0x00000000e2500000)
  to   space 5120K, 0% used [0x00000000e4500000,0x00000000e4500000,0x00000000e4a00000)
 ParOldGen       total 86016K, used 2005K [0x00000000a0000000, 0x00000000a5400000, 0x00000000e0000000)
  object space 86016K, 2% used [0x00000000a0000000,0x00000000a01f55c0,0x00000000a5400000)
 Metaspace       used 14249K, capacity 14540K, committed 14720K, reserved 1062912K
  class space    used 1983K, capacity 2116K, committed 2176K, reserved 1048576K
}
Event: 10.014 GC heap before
{Heap before GC invocations=4 (full 0):
 PSYoungGen      total 37888K, used 37856K [0x00000000e0000000, 0x00000000e4a00000, 0x0000000100000000)
  eden space 32768K, 100% used [0x00000000e0000000,0x00000000e2000000,0x00000000e2000000)
  from space 5120K, 99% used [0x00000000e2000000,0x00000000e24f81e8,0x00000000e2500000)
  to   space 5120K, 0% used [0x00000000e4500000,0x00000000e4500000,0x00000000e4a00000)
 ParOldGen       total 86016K, used 2005K [0x00000000a0000000, 0x00000000a5400000, 0x00000000e0000000)
  object space 86016K, 2% used [0x00000000a0000000,0x00000000a01f55c0,0x00000000a5400000)
 Metaspace       used 17488K, capacity 17834K, committed 18048K, reserved 1064960K
  class space    used 2495K, capacity 2633K, committed 2688K, reserved 1048576K
Event: 10.047 GC heap after
Heap after GC invocations=4 (full 0):
 PSYoungGen      total 70656K, used 5112K [0x00000000e0000000, 0x00000000e4a00000, 0x0000000100000000)
  eden space 65536K, 0% used [0x00000000e0000000,0x00000000e0000000,0x00000000e4000000)
  from space 5120K, 99% used [0x00000000e4500000,0x00000000e49fe2d8,0x00000000e4a00000)
  to   space 5120K, 0% used [0x00000000e4000000,0x00000000e4000000,0x00000000e4500000)
 ParOldGen       total 86016K, used 5095K [0x00000000a0000000, 0x00000000a5400000, 0x00000000e0000000)
  object space 86016K, 5% used [0x00000000a0000000,0x00000000a04f9fd8,0x00000000a5400000)
 Metaspace       used 17488K, capacity 17834K, committed 18048K, reserved 1064960K
  class space    used 2495K, capacity 2633K, committed 2688K, reserved 1048576K
}
Event: 10.670 GC heap before
{Heap before GC invocations=5 (full 0):
 PSYoungGen      total 70656K, used 20243K [0x00000000e0000000, 0x00000000e4a00000, 0x0000000100000000)
  eden space 65536K, 23% used [0x00000000e0000000,0x00000000e0ec69b8,0x00000000e4000000)
  from space 5120K, 99% used [0x00000000e4500000,0x00000000e49fe2d8,0x00000000e4a00000)
  to   space 5120K, 0% used [0x00000000e4000000,0x00000000e4000000,0x00000000e4500000)
 ParOldGen       total 86016K, used 5095K [0x00000000a0000000, 0x00000000a5400000, 0x00000000e0000000)
  object space 86016K, 5% used [0x00000000a0000000,0x00000000a04f9fd8,0x00000000a5400000)
 Metaspace       used 20786K, capacity 21098K, committed 21248K, reserved 1067008K
  class space    used 2890K, capacity 3017K, committed 3072K, reserved 1048576K
Event: 10.687 GC heap after
Heap after GC invocations=5 (full 0):
 PSYoungGen      total 70656K, used 5088K [0x00000000e0000000, 0x00000000e9400000, 0x0000000100000000)
  eden space 65536K, 0% used [0x00000000e0000000,0x00000000e0000000,0x00000000e4000000)
  from space 5120K, 99% used [0x00000000e4000000,0x00000000e44f8030,0x00000000e4500000)
  to   space 10240K, 0% used [0x00000000e8a00000,0x00000000e8a00000,0x00000000e9400000)
 ParOldGen       total 86016K, used 7913K [0x00000000a0000000, 0x00000000a5400000, 0x00000000e0000000)
  object space 86016K, 9% used [0x00000000a0000000,0x00000000a07ba520,0x00000000a5400000)
 Metaspace       used 20786K, capacity 21098K, committed 21248K, reserved 1067008K
  class space    used 2890K, capacity 3017K, committed 3072K, reserved 1048576K
}
Event: 10.687 GC heap before
{Heap before GC invocations=6 (full 1):
 PSYoungGen      total 70656K, used 5088K [0x00000000e0000000, 0x00000000e9400000, 0x0000000100000000)
  eden space 65536K, 0% used [0x00000000e0000000,0x00000000e0000000,0x00000000e4000000)
  from space 5120K, 99% used [0x00000000e4000000,0x00000000e44f8030,0x00000000e4500000)
  to   space 10240K, 0% used [0x00000000e8a00000,0x00000000e8a00000,0x00000000e9400000)
 ParOldGen       total 86016K, used 7913K [0x00000000a0000000, 0x00000000a5400000, 0x00000000e0000000)
  object space 86016K, 9% used [0x00000000a0000000,0x00000000a07ba520,0x00000000a5400000)
 Metaspace       used 20786K, capacity 21098K, committed 21248K, reserved 1067008K
  class space    used 2890K, capacity 3017K, committed 3072K, reserved 1048576K
Event: 10.765 GC heap after
Heap after GC invocations=6 (full 1):
 PSYoungGen      total 70656K, used 0K [0x00000000e0000000, 0x00000000e9400000, 0x0000000100000000)
  eden space 65536K, 0% used [0x00000000e0000000,0x00000000e0000000,0x00000000e4000000)
  from space 5120K, 0% used [0x00000000e4000000,0x00000000e4000000,0x00000000e4500000)
  to   space 10240K, 0% used [0x00000000e8a00000,0x00000000e8a00000,0x00000000e9400000)
 ParOldGen       total 55296K, used 8058K [0x00000000a0000000, 0x00000000a3600000, 0x00000000e0000000)
  object space 55296K, 14% used [0x00000000a0000000,0x00000000a07debf8,0x00000000a3600000)
 Metaspace       used 20786K, capacity 21098K, committed 21248K, reserved 1067008K
  class space    used 2890K, capacity 3017K, committed 3072K, reserved 1048576K
}

Deoptimization events (10 events):
Event: 10.801 Thread 0x0000000019046800 Uncommon trap: reason=bimorphic action=maybe_recompile pc=0x0000000002a695bc method=java.io.DataInputStream.readInt()I @ 4
Event: 10.801 Thread 0x0000000019046800 Uncommon trap: reason=bimorphic action=maybe_recompile pc=0x0000000002a695bc method=java.io.DataInputStream.readInt()I @ 4
Event: 10.801 Thread 0x0000000019046800 Uncommon trap: reason=bimorphic action=maybe_recompile pc=0x0000000002a695bc method=java.io.DataInputStream.readInt()I @ 4
Event: 10.814 Thread 0x0000000018503800 Uncommon trap: reason=unstable_if action=reinterpret pc=0x0000000002c11108 method=java.lang.AbstractStringBuilder.append(Ljava/lang/String;)Ljava/lang/AbstractStringBuilder; @ 1
Event: 10.814 Thread 0x0000000018503800 Uncommon trap: reason=unstable_if action=reinterpret pc=0x0000000002b3d37c method=java.lang.AbstractStringBuilder.append(Ljava/lang/String;)Ljava/lang/AbstractStringBuilder; @ 1
Event: 10.908 Thread 0x0000000018503800 Uncommon trap: reason=class_check action=maybe_recompile pc=0x0000000002afdb48 method=sun.misc.URLClassPath.getLoader(I)Lsun/misc/URLClassPath$Loader; @ 94
Event: 10.908 Thread 0x0000000018503800 Uncommon trap: reason=class_check action=maybe_recompile pc=0x0000000002e6a7b0 method=sun.misc.URLClassPath.getResource(Ljava/lang/String;Z)Lsun/misc/Resource; @ 62
Event: 10.912 Thread 0x0000000018503800 Uncommon trap: reason=unstable_if action=reinterpret pc=0x0000000002dc5180 method=java.lang.ClassLoader.getClassLoadingLock(Ljava/lang/String;)Ljava/lang/Object; @ 6
Event: 10.984 Thread 0x0000000018503800 Uncommon trap: reason=class_check action=maybe_recompile pc=0x0000000002afdce8 method=sun.misc.URLClassPath.getLoader(I)Lsun/misc/URLClassPath$Loader; @ 239
Event: 11.023 Thread 0x0000000018503800 Uncommon trap: reason=class_check action=maybe_recompile pc=0x0000000002afdce8 method=sun.misc.URLClassPath.getLoader(I)Lsun/misc/URLClassPath$Loader; @ 239

Classes redefined (0 events):
No events

Internal exceptions (10 events):
Event: 11.010 Thread 0x0000000018503800 Exception <a 'java/lang/ClassNotFoundException': org/gradle/groovy/scripts/BasicScriptCustomizer> (0x00000000e0750008) thrown at [D:\src\AOSP-openjdk-cygwin\jdk8u\hotspot\src\share\vm\classfile\systemDictionary.cpp, line 210]
Event: 11.013 Thread 0x0000000018503800 Exception <a 'java/lang/ClassNotFoundException': org/gradle/groovy/scripts/DefaultScriptCustomizer> (0x00000000e0770fd8) thrown at [D:\src\AOSP-openjdk-cygwin\jdk8u\hotspot\src\share\vm\classfile\systemDictionary.cpp, line 210]
Event: 11.022 Thread 0x0000000018503800 Exception <a 'java/lang/ClassNotFoundException': org/gradle/initialization/SettingsScriptCustomizer> (0x00000000e07c12c0) thrown at [D:\src\AOSP-openjdk-cygwin\jdk8u\hotspot\src\share\vm\classfile\systemDictionary.cpp, line 210]
Event: 11.023 Thread 0x0000000018503800 Exception <a 'java/lang/ClassNotFoundException': settings_blsoq08q2el5x1os9euv122a7Customizer> (0x00000000e07d35e0) thrown at [D:\src\AOSP-openjdk-cygwin\jdk8u\hotspot\src\share\vm\classfile\systemDictionary.cpp, line 210]
Event: 11.562 Thread 0x0000000018503800 Exception <a 'java/lang/ClassNotFoundException': org/gradle/initialization/DefaultSettings_DecoratedBeanInfo> (0x00000000e0bf94e8) thrown at [D:\src\AOSP-openjdk-cygwin\jdk8u\hotspot\src\share\vm\classfile\systemDictionary.cpp, line 210]
Event: 11.564 Thread 0x0000000018503800 Exception <a 'java/lang/ClassNotFoundException': org/gradle/initialization/DefaultSettingsBeanInfo> (0x00000000e0c1ba78) thrown at [D:\src\AOSP-openjdk-cygwin\jdk8u\hotspot\src\share\vm\classfile\systemDictionary.cpp, line 210]
Event: 11.567 Thread 0x0000000018503800 Exception <a 'java/lang/ClassNotFoundException': org/gradle/api/internal/project/AbstractPluginAwareBeanInfo> (0x00000000e0c43238) thrown at [D:\src\AOSP-openjdk-cygwin\jdk8u\hotspot\src\share\vm\classfile\systemDictionary.cpp, line 210]
Event: 11.568 Thread 0x0000000018503800 Exception <a 'java/lang/ClassNotFoundException': org/gradle/api/internal/project/AbstractPluginAwareCustomizer> (0x00000000e0c6b360) thrown at [D:\src\AOSP-openjdk-cygwin\jdk8u\hotspot\src\share\vm\classfile\systemDictionary.cpp, line 210]
Event: 11.574 Thread 0x0000000018503800 Exception <a 'java/lang/ClassNotFoundException': org/gradle/initialization/DefaultSettingsCustomizer> (0x00000000e0c97110) thrown at [D:\src\AOSP-openjdk-cygwin\jdk8u\hotspot\src\share\vm\classfile\systemDictionary.cpp, line 210]
Event: 11.618 Thread 0x0000000018503800 Exception <a 'java/lang/ClassNotFoundException': org/gradle/initialization/DefaultSettings_DecoratedCustomizer> (0x00000000e0cf3060) thrown at [D:\src\AOSP-openjdk-cygwin\jdk8u\hotspot\src\share\vm\classfile\systemDictionary.cpp, line 210]

Events (10 events):
Event: 11.617 loading class org/gradle/initialization/DefaultSettings_DecoratedCustomizer
Event: 11.617 loading class org/gradle/initialization/DefaultSettings_DecoratedCustomizer done
Event: 11.617 loading class org/gradle/initialization/DefaultSettings_DecoratedCustomizer
Event: 11.617 loading class org/gradle/initialization/DefaultSettings_DecoratedCustomizer done
Event: 11.618 loading class org/gradle/initialization/DefaultSettings_DecoratedCustomizer
Event: 11.618 loading class org/gradle/initialization/DefaultSettings_DecoratedCustomizer done
Event: 11.618 loading class org/gradle/initialization/DefaultSettings_DecoratedCustomizer
Event: 11.618 loading class org/gradle/initialization/DefaultSettings_DecoratedCustomizer done
Event: 11.671 loading class org/codehaus/groovy/runtime/typehandling/DefaultTypeTransformation
Event: 11.671 loading class org/codehaus/groovy/runtime/typehandling/DefaultTypeTransformation done


Dynamic libraries:
0x00007ff67a210000 - 0x00007ff67a241000 	C:\Program Files\Android\Android Studio\jre\bin\java.exe
0x00007ffda8570000 - 0x00007ffda8751000 	C:\WINDOWS\SYSTEM32\ntdll.dll
0x00007ffda79e0000 - 0x00007ffda7a92000 	C:\WINDOWS\System32\KERNEL32.DLL
0x00007ffda4940000 - 0x00007ffda4bb3000 	C:\WINDOWS\System32\KERNELBASE.dll
0x00007ffda7eb0000 - 0x00007ffda7f51000 	C:\WINDOWS\System32\ADVAPI32.dll
0x00007ffda76e0000 - 0x00007ffda777e000 	C:\WINDOWS\System32\msvcrt.dll
0x00007ffda7e20000 - 0x00007ffda7e7b000 	C:\WINDOWS\System32\sechost.dll
0x00007ffda7aa0000 - 0x00007ffda7bc4000 	C:\WINDOWS\System32\RPCRT4.dll
0x00007ffda7f60000 - 0x00007ffda80f0000 	C:\WINDOWS\System32\USER32.dll
0x00007ffda4f10000 - 0x00007ffda4f30000 	C:\WINDOWS\System32\win32u.dll
0x00007ffda7820000 - 0x00007ffda7848000 	C:\WINDOWS\System32\GDI32.dll
0x00007ffda4d70000 - 0x00007ffda4f02000 	C:\WINDOWS\System32\gdi32full.dll
0x00007ffda4f30000 - 0x00007ffda4fcf000 	C:\WINDOWS\System32\msvcp_win.dll
0x00007ffda4c70000 - 0x00007ffda4d6a000 	C:\WINDOWS\System32\ucrtbase.dll
0x00007ffd97e80000 - 0x00007ffd980e9000 	C:\WINDOWS\WinSxS\amd64_microsoft.windows.common-controls_6595b64144ccf1df_6.0.17134.345_none_fb429a5930656358\COMCTL32.dll
0x00007ffda73b0000 - 0x00007ffda76d3000 	C:\WINDOWS\System32\combase.dll
0x00007ffda4fd0000 - 0x00007ffda504a000 	C:\WINDOWS\System32\bcryptPrimitives.dll
0x00007ffda7e80000 - 0x00007ffda7ead000 	C:\WINDOWS\System32\IMM32.DLL
0x0000000059730000 - 0x0000000059802000 	C:\Program Files\Android\Android Studio\jre\jre\bin\msvcr100.dll
0x0000000059ea0000 - 0x000000005a6df000 	C:\Program Files\Android\Android Studio\jre\jre\bin\server\jvm.dll
0x00007ffda7e10000 - 0x00007ffda7e18000 	C:\WINDOWS\System32\PSAPI.DLL
0x00007ffda22b0000 - 0x00007ffda22d3000 	C:\WINDOWS\SYSTEM32\WINMM.dll
0x00007ffd93e40000 - 0x00007ffd93e49000 	C:\WINDOWS\SYSTEM32\WSOCK32.dll
0x00007ffda5c00000 - 0x00007ffda5c6c000 	C:\WINDOWS\System32\WS2_32.dll
0x00007ffd9c0f0000 - 0x00007ffd9c0fa000 	C:\WINDOWS\SYSTEM32\VERSION.dll
0x00007ffda2280000 - 0x00007ffda22aa000 	C:\WINDOWS\SYSTEM32\WINMMBASE.dll
0x00007ffda4bc0000 - 0x00007ffda4c09000 	C:\WINDOWS\System32\cfgmgr32.dll
0x00007ffda1060000 - 0x00007ffda106f000 	C:\Program Files\Android\Android Studio\jre\jre\bin\verify.dll
0x00007ffd98850000 - 0x00007ffd98879000 	C:\Program Files\Android\Android Studio\jre\jre\bin\java.dll
0x00007ffd9bd20000 - 0x00007ffd9bd36000 	C:\Program Files\Android\Android Studio\jre\jre\bin\zip.dll
0x00007ffda5f70000 - 0x00007ffda73af000 	C:\WINDOWS\System32\SHELL32.dll
0x00007ffda7930000 - 0x00007ffda79d9000 	C:\WINDOWS\System32\shcore.dll
0x00007ffda5240000 - 0x00007ffda594d000 	C:\WINDOWS\System32\windows.storage.dll
0x00007ffda7db0000 - 0x00007ffda7e01000 	C:\WINDOWS\System32\shlwapi.dll
0x00007ffda48a0000 - 0x00007ffda48b1000 	C:\WINDOWS\System32\kernel.appcore.dll
0x00007ffda4880000 - 0x00007ffda489f000 	C:\WINDOWS\System32\profapi.dll
0x00007ffda48d0000 - 0x00007ffda491c000 	C:\WINDOWS\System32\powrprof.dll
0x00007ffda48c0000 - 0x00007ffda48ca000 	C:\WINDOWS\System32\FLTLIB.DLL
0x00007ffd98830000 - 0x00007ffd9884a000 	C:\Program Files\Android\Android Studio\jre\jre\bin\net.dll
0x00007ffda40a0000 - 0x00007ffda4106000 	C:\WINDOWS\system32\mswsock.dll
0x00007ffd98810000 - 0x00007ffd98821000 	C:\Program Files\Android\Android Studio\jre\jre\bin\nio.dll
0x00007ffd97250000 - 0x00007ffd9726e000 	C:\Users\jeric\.gradle\native\25\windows-amd64\native-platform.dll
0x00007ffd98800000 - 0x00007ffd9880d000 	C:\Program Files\Android\Android Studio\jre\jre\bin\management.dll
0x00007ffda4250000 - 0x00007ffda4267000 	C:\WINDOWS\SYSTEM32\CRYPTSP.dll
0x00007ffda3c80000 - 0x00007ffda3cb3000 	C:\WINDOWS\system32\rsaenh.dll
0x00007ffda4380000 - 0x00007ffda43a5000 	C:\WINDOWS\SYSTEM32\bcrypt.dll
0x00007ffda4780000 - 0x00007ffda47a8000 	C:\WINDOWS\SYSTEM32\USERENV.dll
0x00007ffda4270000 - 0x00007ffda427b000 	C:\WINDOWS\SYSTEM32\CRYPTBASE.dll
0x00007ffda3e20000 - 0x00007ffda3e58000 	C:\WINDOWS\SYSTEM32\IPHLPAPI.DLL
0x00007ffda5c70000 - 0x00007ffda5c78000 	C:\WINDOWS\System32\NSI.dll
0x00007ffd9c0d0000 - 0x00007ffd9c0e6000 	C:\WINDOWS\SYSTEM32\dhcpcsvc6.DLL
0x00007ffd9ca60000 - 0x00007ffd9ca7a000 	C:\WINDOWS\SYSTEM32\dhcpcsvc.DLL

VM Arguments:
jvm_args: -Xmx1536m -Dfile.encoding=windows-1252 -Duser.country=US -Duser.language=en -Duser.variant 
java_command: org.gradle.launcher.daemon.bootstrap.GradleDaemon 4.4
java_class_path (initial): C:\Users\jeric\.gradle\wrapper\dists\gradle-4.4-all\9br9xq1tocpiv8o6njlyu5op1\gradle-4.4\lib\gradle-launcher-4.4.jar
Launcher Type: SUN_STANDARD

Environment Variables:
JAVA_HOME=C:\Program Files\Java\jdk1.8.0_171
PATH=C:\Program Files (x86)\Common Files\Oracle\Java\javapath;C:\Program Files (x86)\Common Files\Intel\Shared Libraries\redist\intel64\compiler;C:\Windows\system32;C:\Windows;C:\Windows\System32\Wbem;C:\Windows\System32\WindowsPowerShell\v1.0\;C:\Program Files (x86)\NVIDIA Corporation\PhysX\Common;C:\WINDOWS\system32\config\systemprofile\.dnx\bin;C:\Program Files\Microsoft DNX\Dnvm\;C:\Program Files\Microsoft SQL Server\120\Tools\Binn\;C:\WINDOWS\system32;C:\WINDOWS;C:\WINDOWS\System32\Wbem;C:\WINDOWS\System32\WindowsPowerShell\v1.0\;C:\WINDOWS\System32\OpenSSH\;C:\Program Files\Git\cmd;C:\xampp\php;C:\ProgramData\ComposerSetup\bin;C:\Program Files\Java\jdk1.8.0_171\bin
USERNAME=jeric
OS=Windows_NT
PROCESSOR_IDENTIFIER=Intel64 Family 6 Model 58 Stepping 9, GenuineIntel



---------------  S Y S T E M  ---------------

OS: Windows 10.0 , 64 bit Build 17134 (10.0.17134.1)

CPU:total 4 (initial active 4) (2 cores per cpu, 2 threads per core) family 6 model 58 stepping 9, cmov, cx8, fxsr, mmx, sse, sse2, sse3, ssse3, sse4.1, sse4.2, popcnt, avx, clmul, erms, ht, tsc, tscinvbit, tscinv

Memory: 4k page, physical 8205864k(980872k free), swap 10156584k(2872k free)

vm_info: OpenJDK 64-Bit Server VM (25.152-b02) for windows-amd64 JRE (1.8.0_152-release-1024-b02), built by "builder" with MS VC++ 10.0 (VS2010)

time: Mon Nov 05 20:07:40 2018
elapsed time: 12 seconds (0d 0h 0m 12s)

